<?xml version="1.0" encoding="UTF-8"?>
<testsuite xmlns:xsi="http://www.w3.org/2001/XMLSchema-instance" xsi:noNamespaceSchemaLocation="https://maven.apache.org/surefire/maven-surefire-plugin/xsd/surefire-test-report.xsd" version="3.0.2" name="com.aluracursos.Sentiment_API.controller.SentimentControllerTest" time="6.148" tests="2" errors="0" skipped="0" failures="0">
  <properties>
[...]
</properties>
  <testcase name="shouldReturn200WhenValidInput" classname="com.aluracursos.Sentiment_API.controller.SentimentControllerTest" time="1.931">
    <system-out><![CDATA[13:50:27.343 [main] INFO org.springframework.test.context.support.AnnotationConfigContextLoaderUtils -- Could not detect default configuration classes for test class [com.aluracursos.Sentiment_API.controller.SentimentControllerTest]: SentimentControllerTest does not declare any static, non-private, non-final, nested classes annotated with @Configuration.
13:50:27.548 [main] INFO org.springframework.boot.test.context.SpringBootTestContextBootstrapper -- Found @SpringBootConfiguration com.aluracursos.Sentiment_API.SentimentApiApplication for test class com.aluracursos.Sentiment_API.controller.SentimentControllerTest

  .   ____          _            __ _ _
 /\\ / ___'_ __ _ _(_)_ __  __ _ \ \ \ \
( ( )\___ | '_ | '_| | '_ \/ _` | \ \ \ \
 \\/  ___)| |_)| | | | | || (_| |  ) ) ) )
  '  |____| .__|_| |_|_| |_\__, | / / / /
 =========|_|==============|___/=/_/_/_/

 :: Spring Boot ::                (v3.4.1)

2025-12-21T13:50:28.211-03:00  INFO 9152 --- [Sentiment-API] [           main] c.a.S.c.SentimentControllerTest          : Starting SentimentControllerTest using Java 17.0.12 with PID 9152 (started by usuario in C:\Users\usuario\Desktop\Sentiment-API)
2025-12-21T13:50:28.213-03:00  INFO 9152 --- [Sentiment-API] [           main] c.a.S.c.SentimentControllerTest          : No active profile set, falling back to 1 default profile: "default"
2025-12-21T13:50:31.188-03:00  INFO 9152 --- [Sentiment-API] [           main] o.s.b.t.m.w.SpringBootMockServletContext : Initializing Spring TestDispatcherServlet ''
2025-12-21T13:50:31.189-03:00  INFO 9152 --- [Sentiment-API] [           main] o.s.t.web.servlet.TestDispatcherServlet  : Initializing Servlet ''
2025-12-21T13:50:31.195-03:00  INFO 9152 --- [Sentiment-API] [           main] o.s.t.web.servlet.TestDispatcherServlet  : Completed initialization in 3 ms
2025-12-21T13:50:31.252-03:00  INFO 9152 --- [Sentiment-API] [           main] c.a.S.c.SentimentControllerTest          : Started SentimentControllerTest in 3.493 seconds (process running for 4.792)
2025-12-21T13:50:33.064-03:00  INFO 9152 --- [Sentiment-API] [           main] c.a.S.S.Controller.SentimentController   : Recibido texto: Me encanta este producto, es excelente
2025-12-21T13:50:33.066-03:00  INFO 9152 --- [Sentiment-API] [           main] c.a.S.S.Controller.SentimentController   : Respuesta enviada: SentimentResponse(prevision=Positivo, probabilidad=0.87)
]]></system-out>
  </testcase>
  <testcase name="shouldReturn400WhenTextTooShort" classname="com.aluracursos.Sentiment_API.controller.SentimentControllerTest" time="0.079">
    <system-out><![CDATA[2025-12-21T13:50:33.284-03:00  WARN 9152 --- [Sentiment-API] [           main] .w.s.m.s.DefaultHandlerExceptionResolver : Resolved [org.springframework.web.bind.MethodArgumentNotValidException: Validation failed for argument [0] in public org.springframework.http.ResponseEntity<com.aluracursos.Sentiment_API.Sentiment.DTO.SentimentResponse> com.aluracursos.Sentiment_API.Sentiment.Controller.SentimentController.analyzeSentiment(com.aluracursos.Sentiment_API.Sentiment.DTO.SentimentRequest): [Field error in object 'sentimentRequest' on field 'text': rejected value [short]; codes [Size.sentimentRequest.text,Size.text,Size.java.lang.String,Size]; arguments [org.springframework.context.support.DefaultMessageSourceResolvable: codes [sentimentRequest.text,text]; arguments []; default message [text],2147483647,10]; default message [El texto debe tener al menos 10 caracteres]] ]
]]></system-out>
  </testcase>
</testsuite>